Arguments: 
  C:\Applications\nodejs\node.exe C:\Applications\yarn\bin\yarn.js add -D mocha

PATH: 
  C:\Applications\Git\mingw64\bin;C:\Applications\Git\usr\bin;C:\Users\zvxj3782\bin;C:\Applications\cmder\bin;C:\Applications\cmder\vendor\conemu-maximus5\ConEmu\Scripts;C:\Applications\cmder\vendor\conemu-maximus5;C:\Applications\cmder\vendor\conemu-maximus5\ConEmu;C:\ProgramData\DockerDesktop\version-bin;C:\Program Files\Docker\Docker\Resources\bin;C:\Applications\Java\jdk1.8.0_171\bin;C:\Python27\Scripts;C:\Python27;C:\Applications\gradle-4.9\bin;C:\Program Files (x86)\Common Files\Oracle\Java\javapath;C:\Applications;C:\UwAmp\bin\php\php-7.0.3;C:\UwAmp\bin\database\mysql-5.7.11\bin;C:\Applications\yarn\bin;C:\Program Files (x86)\Intel\iCLS Client;C:\Program Files\Intel\iCLS Client;C:\WINDOWS\system32;C:\WINDOWS;C:\WINDOWS\System32\Wbem;C:\WINDOWS\System32\WindowsPowerShell\v1.0;C:\Program Files\Intel\WiFi\bin;C:\Program Files\Common Files\Intel\WirelessCommon;C:\Program Files (x86)\Intel\Intel(R) Management Engine Components\DAL;C:\Program Files\Intel\Intel(R) Management Engine Components\DAL;C:\Program Files (x86)\Intel\Intel(R) Management Engine Components\IPT;C:\Program Files\Intel\Intel(R) Management Engine Components\IPT;C:\Program Files\SafeNet\Authentication\SAC\x64;C:\Program Files\SafeNet\Authentication\SAC\x32;C:\Program Files\PuTTY;C:\Applications\Cloud Foundry;C:\Program Files (x86)\sbt\bin;C:\Applications\Git\cmd;C:\Program Files\dotnet;C:\Applications\Perforce;C;Applications\Microsoft VS Code\bin;C:\Applications\GitExtensions;C:\Applications\Yarn\bin;C:\Applications\nodejs;C:\Program Files (x86)\Plantronics\Spokes3G;C:\Users\zvxj3782\.cargo\bin;C:\Users\zvxj3782\AppData\Local\Microsoft\WindowsApps;C:\Applications\Microsoft VS Code\bin;C:\Users\zvxj3782\AppData\Roaming\npm;C:\Applications\Git\mingw64;C:\Applications\Git\usr\bin;C:\Applications\cmder

Yarn version: 
  1.9.4

Node version: 
  10.13.0

Platform: 
  win32 x64

Trace: 
  Error: https://artifactory-cwfr1.rd.francetelecom.fr/artifactory/npm-virt-orange-project-devops/mocha: tunneling socket could not be established, cause=connect ECONNREFUSED 127.0.0.1:3128
      at ClientRequest.onError (C:\Applications\yarn\lib\cli.js:150248:17)
      at Object.onceWrapper (events.js:273:13)
      at ClientRequest.emit (events.js:182:13)
      at Socket.socketErrorListener (_http_client.js:391:9)
      at Socket.emit (events.js:182:13)
      at emitErrorNT (internal/streams/destroy.js:82:8)
      at emitErrorAndCloseNT (internal/streams/destroy.js:50:3)
      at process._tickCallback (internal/process/next_tick.js:63:19)

npm manifest: 
  {
    "name": "typescript",
    "version": "1.0.0",
    "description": "",
    "main": "index.js",
    "scripts": {
      "test": "echo \"Error: no test specified\" && exit 1"
    },
    "author": "",
    "license": "ISC",
    "dependencies": {
      "typescript": "^3.2.2"
    }
  }

yarn manifest: 
  No manifest

Lockfile: 
  # THIS IS AN AUTOGENERATED FILE. DO NOT EDIT THIS FILE DIRECTLY.
  # yarn lockfile v1
  
  
  typescript@^3.2.2:
    version "3.2.2"
    resolved "https://registry.yarnpkg.com/typescript/-/typescript-3.2.2.tgz#fe8101c46aa123f8353523ebdcf5730c2ae493e5"
