[2018-08-24 21:28:10,890] INFO org.github.dragos.vscode.Main$ - Starting server in /Users/jeandetoeuf/Documents/GitHub/kata-setup/scala
[2018-08-24 21:28:10,890] INFO org.github.dragos.vscode.Main$ - Starting server in /Users/jeandetoeuf/Documents/GitHub/kata-setup/scala
[2018-08-24 21:28:10,899] INFO org.github.dragos.vscode.Main$ - Classpath: /Users/jeandetoeuf/.vscode/extensions/dragos.scala-lsp-0.2.3/coursier
[2018-08-24 21:28:10,899] INFO org.github.dragos.vscode.Main$ - Classpath: /Users/jeandetoeuf/.vscode/extensions/dragos.scala-lsp-0.2.3/coursier
[2018-08-24 21:28:11,027] DEBUG langserver.core.MessageReader - Received headers:
Content-Length: 1233
[2018-08-24 21:28:11,027] DEBUG langserver.core.MessageReader - Received headers:
Content-Length: 1233
[2018-08-24 21:28:11,044] DEBUG langserver.core.Connection - Received {"jsonrpc":"2.0","id":0,"method":"initialize","params":{"processId":43119,"rootPath":"/Users/jeandetoeuf/Documents/GitHub/kata-setup/scala","rootUri":"file:///Users/jeandetoeuf/Documents/GitHub/kata-setup/scala","capabilities":{"workspace":{"applyEdit":true,"didChangeConfiguration":{"dynamicRegistration":false},"didChangeWatchedFiles":{"dynamicRegistration":false},"symbol":{"dynamicRegistration":true},"executeCommand":{"dynamicRegistration":true}},"textDocument":{"synchronization":{"dynamicRegistration":true,"willSave":true,"willSaveWaitUntil":true,"didSave":true},"completion":{"dynamicRegistration":true,"completionItem":{"snippetSupport":true}},"hover":{"dynamicRegistration":true},"signatureHelp":{"dynamicRegistration":true},"references":{"dynamicRegistration":true},"documentHighlight":{"dynamicRegistration":true},"documentSymbol":{"dynamicRegistration":true},"formatting":{"dynamicRegistration":true},"rangeFormatting":{"dynamicRegistration":true},"onTypeFormatting":{"dynamicRegistration":true},"definition":{"dynamicRegistration":true},"codeAction":{"dynamicRegistration":true},"codeLens":{"dynamicRegistration":true},"documentLink":{"dynamicRegistration":true},"rename":{"dynamicRegistration":true}}},"trace":"off"}}
[2018-08-24 21:28:11,044] DEBUG langserver.core.Connection - Received {"jsonrpc":"2.0","id":0,"method":"initialize","params":{"processId":43119,"rootPath":"/Users/jeandetoeuf/Documents/GitHub/kata-setup/scala","rootUri":"file:///Users/jeandetoeuf/Documents/GitHub/kata-setup/scala","capabilities":{"workspace":{"applyEdit":true,"didChangeConfiguration":{"dynamicRegistration":false},"didChangeWatchedFiles":{"dynamicRegistration":false},"symbol":{"dynamicRegistration":true},"executeCommand":{"dynamicRegistration":true}},"textDocument":{"synchronization":{"dynamicRegistration":true,"willSave":true,"willSaveWaitUntil":true,"didSave":true},"completion":{"dynamicRegistration":true,"completionItem":{"snippetSupport":true}},"hover":{"dynamicRegistration":true},"signatureHelp":{"dynamicRegistration":true},"references":{"dynamicRegistration":true},"documentHighlight":{"dynamicRegistration":true},"documentSymbol":{"dynamicRegistration":true},"formatting":{"dynamicRegistration":true},"rangeFormatting":{"dynamicRegistration":true},"onTypeFormatting":{"dynamicRegistration":true},"definition":{"dynamicRegistration":true},"codeAction":{"dynamicRegistration":true},"codeLens":{"dynamicRegistration":true},"documentLink":{"dynamicRegistration":true},"rename":{"dynamicRegistration":true}}},"trace":"off"}}
[2018-08-24 21:28:11,498] INFO org.github.dragos.vscode.EnsimeLanguageServer - Initialized with 43119, /Users/jeandetoeuf/Documents/GitHub/kata-setup/scala, ClientCapabilities()
[2018-08-24 21:28:11,498] INFO org.github.dragos.vscode.EnsimeLanguageServer - Initialized with 43119, /Users/jeandetoeuf/Documents/GitHub/kata-setup/scala, ClientCapabilities()
[2018-08-24 21:28:11,502] DEBUG org.github.dragos.vscode.EnsimeLanguageServer - ensime.config = "/Users/jeandetoeuf/Documents/GitHub/kata-setup/scala/.ensime" 
[2018-08-24 21:28:11,502] DEBUG org.github.dragos.vscode.EnsimeLanguageServer - ensime.config = "/Users/jeandetoeuf/Documents/GitHub/kata-setup/scala/.ensime" 
[2018-08-24 21:28:11,949] INFO akka.event.slf4j.Slf4jLogger - Slf4jLogger started
[2018-08-24 21:28:12,849] INFO org.github.dragos.vscode.EnsimeLanguageServer - Using configuration: EnsimeConfig(RawFile(/Users/jeandetoeuf/Documents/GitHub/kata-setup/scala),RawFile(/Users/jeandetoeuf/Documents/GitHub/kata-setup/scala/.ensime_cache),RawFile(/Library/Java/JavaVirtualMachines/jdk-10.jdk/Contents/Home),scala,2.12.6,List(-Ymacro-expand:discard),List(),List(EnsimeProject(EnsimeProjectId(scala,compile),List(),Set(RawFile(/Users/jeandetoeuf/Documents/GitHub/kata-setup/scala/src/main/java), RawFile(/Users/jeandetoeuf/Documents/GitHub/kata-setup/scala/target/scala-2.12/src_managed/main), RawFile(/Users/jeandetoeuf/Documents/GitHub/kata-setup/scala/src/main/scala-2.12), RawFile(/Users/jeandetoeuf/Documents/GitHub/kata-setup/scala/src/main/scala)),Set(RawFile(/Users/jeandetoeuf/Documents/GitHub/kata-setup/scala/target/scala-2.12/classes)),List(-Ymacro-expand:discard),List(),List(RawFile(/Users/jeandetoeuf/.ivy2/cache/scala_2.12/sbt_1.0/com.dwijnand/sbt-compat/jars/sbt-compat-1.0.0.jar), RawFile(/Users/jeandetoeuf/.ivy2/cache/scala_2.12/sbt_1.0/org.ensime/sbt-ensime/jars/sbt-ensime-2.5.1.jar), RawFile(/Users/jeandetoeuf/.sbt/boot/scala-2.12.6/lib/scala-library.jar), RawFile(/Users/jeandetoeuf/.sbt/boot/scala-2.12.6/lib/scala-reflect.jar), RawFile(/Users/jeandetoeuf/.ivy2/cache/org.scala-lang.modules/scala-xml_2.12/bundles/scala-xml_2.12-1.0.6.jar), RawFile(/Users/jeandetoeuf/.ivy2/cache/org.scalactic/scalactic_2.12/bundles/scalactic_2.12-3.0.5.jar)),List(RawFile(/Users/jeandetoeuf/.ivy2/cache/scala_2.12/sbt_1.0/org.ensime/sbt-ensime/srcs/sbt-ensime-2.5.1-sources.jar), RawFile(/Users/jeandetoeuf/.ivy2/cache/org.scala-lang/scala-library/srcs/scala-library-2.12.6-sources.jar), RawFile(/Users/jeandetoeuf/.ivy2/cache/org.scala-lang/scala-reflect/srcs/scala-reflect-2.12.6-sources.jar), RawFile(/Users/jeandetoeuf/.ivy2/cache/org.scala-lang.modules/scala-xml_2.12/srcs/scala-xml_2.12-1.0.6-sources.jar), RawFile(/Users/jeandetoeuf/.ivy2/cache/org.scalactic/scalactic_2.12/srcs/scalactic_2.12-3.0.5-sources.jar)),List(RawFile(/Users/jeandetoeuf/.ivy2/cache/scala_2.12/sbt_1.0/org.ensime/sbt-ensime/docs/sbt-ensime-2.5.1-javadoc.jar), RawFile(/Users/jeandetoeuf/.ivy2/cache/org.scala-lang/scala-library/docs/scala-library-2.12.6-javadoc.jar), RawFile(/Users/jeandetoeuf/.ivy2/cache/org.scala-lang/scala-reflect/docs/scala-reflect-2.12.6-javadoc.jar), RawFile(/Users/jeandetoeuf/Documents/GitHub/kata-setup/scala/target/scala-2.12/scala-tdd_2.12-0.1-javadoc.jar), RawFile(/Users/jeandetoeuf/.ivy2/cache/org.scala-lang.modules/scala-xml_2.12/docs/scala-xml_2.12-1.0.6-javadoc.jar), RawFile(/Users/jeandetoeuf/.ivy2/cache/org.scalactic/scalactic_2.12/docs/scalactic_2.12-3.0.5-javadoc.jar))), EnsimeProject(EnsimeProjectId(scala,test),List(EnsimeProjectId(scala,compile)),Set(RawFile(/Users/jeandetoeuf/Documents/GitHub/kata-setup/scala/src/test/java), RawFile(/Users/jeandetoeuf/Documents/GitHub/kata-setup/scala/src/test/scala-2.12), RawFile(/Users/jeandetoeuf/Documents/GitHub/kata-setup/scala/src/test/scala), RawFile(/Users/jeandetoeuf/Documents/GitHub/kata-setup/scala/target/scala-2.12/src_managed/test)),Set(RawFile(/Users/jeandetoeuf/Documents/GitHub/kata-setup/scala/target/scala-2.12/test-classes)),List(-Ymacro-expand:discard),List(),List(RawFile(/Users/jeandetoeuf/.ivy2/cache/org.scalatest/scalatest_2.12/bundles/scalatest_2.12-3.0.5.jar)),List(RawFile(/Users/jeandetoeuf/.ivy2/cache/org.scalatest/scalatest_2.12/srcs/scalatest_2.12-3.0.5-sources.jar)),List(RawFile(/Users/jeandetoeuf/.ivy2/cache/org.scalatest/scalatest_2.12/docs/scalatest_2.12-3.0.5-javadoc.jar)))))
[2018-08-24 21:28:12,849] INFO org.github.dragos.vscode.EnsimeLanguageServer - Using configuration: EnsimeConfig(RawFile(/Users/jeandetoeuf/Documents/GitHub/kata-setup/scala),RawFile(/Users/jeandetoeuf/Documents/GitHub/kata-setup/scala/.ensime_cache),RawFile(/Library/Java/JavaVirtualMachines/jdk-10.jdk/Contents/Home),scala,2.12.6,List(-Ymacro-expand:discard),List(),List(EnsimeProject(EnsimeProjectId(scala,compile),List(),Set(RawFile(/Users/jeandetoeuf/Documents/GitHub/kata-setup/scala/src/main/java), RawFile(/Users/jeandetoeuf/Documents/GitHub/kata-setup/scala/target/scala-2.12/src_managed/main), RawFile(/Users/jeandetoeuf/Documents/GitHub/kata-setup/scala/src/main/scala-2.12), RawFile(/Users/jeandetoeuf/Documents/GitHub/kata-setup/scala/src/main/scala)),Set(RawFile(/Users/jeandetoeuf/Documents/GitHub/kata-setup/scala/target/scala-2.12/classes)),List(-Ymacro-expand:discard),List(),List(RawFile(/Users/jeandetoeuf/.ivy2/cache/scala_2.12/sbt_1.0/com.dwijnand/sbt-compat/jars/sbt-compat-1.0.0.jar), RawFile(/Users/jeandetoeuf/.ivy2/cache/scala_2.12/sbt_1.0/org.ensime/sbt-ensime/jars/sbt-ensime-2.5.1.jar), RawFile(/Users/jeandetoeuf/.sbt/boot/scala-2.12.6/lib/scala-library.jar), RawFile(/Users/jeandetoeuf/.sbt/boot/scala-2.12.6/lib/scala-reflect.jar), RawFile(/Users/jeandetoeuf/.ivy2/cache/org.scala-lang.modules/scala-xml_2.12/bundles/scala-xml_2.12-1.0.6.jar), RawFile(/Users/jeandetoeuf/.ivy2/cache/org.scalactic/scalactic_2.12/bundles/scalactic_2.12-3.0.5.jar)),List(RawFile(/Users/jeandetoeuf/.ivy2/cache/scala_2.12/sbt_1.0/org.ensime/sbt-ensime/srcs/sbt-ensime-2.5.1-sources.jar), RawFile(/Users/jeandetoeuf/.ivy2/cache/org.scala-lang/scala-library/srcs/scala-library-2.12.6-sources.jar), RawFile(/Users/jeandetoeuf/.ivy2/cache/org.scala-lang/scala-reflect/srcs/scala-reflect-2.12.6-sources.jar), RawFile(/Users/jeandetoeuf/.ivy2/cache/org.scala-lang.modules/scala-xml_2.12/srcs/scala-xml_2.12-1.0.6-sources.jar), RawFile(/Users/jeandetoeuf/.ivy2/cache/org.scalactic/scalactic_2.12/srcs/scalactic_2.12-3.0.5-sources.jar)),List(RawFile(/Users/jeandetoeuf/.ivy2/cache/scala_2.12/sbt_1.0/org.ensime/sbt-ensime/docs/sbt-ensime-2.5.1-javadoc.jar), RawFile(/Users/jeandetoeuf/.ivy2/cache/org.scala-lang/scala-library/docs/scala-library-2.12.6-javadoc.jar), RawFile(/Users/jeandetoeuf/.ivy2/cache/org.scala-lang/scala-reflect/docs/scala-reflect-2.12.6-javadoc.jar), RawFile(/Users/jeandetoeuf/Documents/GitHub/kata-setup/scala/target/scala-2.12/scala-tdd_2.12-0.1-javadoc.jar), RawFile(/Users/jeandetoeuf/.ivy2/cache/org.scala-lang.modules/scala-xml_2.12/docs/scala-xml_2.12-1.0.6-javadoc.jar), RawFile(/Users/jeandetoeuf/.ivy2/cache/org.scalactic/scalactic_2.12/docs/scalactic_2.12-3.0.5-javadoc.jar))), EnsimeProject(EnsimeProjectId(scala,test),List(EnsimeProjectId(scala,compile)),Set(RawFile(/Users/jeandetoeuf/Documents/GitHub/kata-setup/scala/src/test/java), RawFile(/Users/jeandetoeuf/Documents/GitHub/kata-setup/scala/src/test/scala-2.12), RawFile(/Users/jeandetoeuf/Documents/GitHub/kata-setup/scala/src/test/scala), RawFile(/Users/jeandetoeuf/Documents/GitHub/kata-setup/scala/target/scala-2.12/src_managed/test)),Set(RawFile(/Users/jeandetoeuf/Documents/GitHub/kata-setup/scala/target/scala-2.12/test-classes)),List(-Ymacro-expand:discard),List(),List(RawFile(/Users/jeandetoeuf/.ivy2/cache/org.scalatest/scalatest_2.12/bundles/scalatest_2.12-3.0.5.jar)),List(RawFile(/Users/jeandetoeuf/.ivy2/cache/org.scalatest/scalatest_2.12/srcs/scalatest_2.12-3.0.5-sources.jar)),List(RawFile(/Users/jeandetoeuf/.ivy2/cache/org.scalatest/scalatest_2.12/docs/scalatest_2.12-3.0.5-javadoc.jar)))))
[2018-08-24 21:28:12,854] INFO org.github.dragos.vscode.ensime.EnsimeActor - Starting problematic actor now
[2018-08-24 21:28:12,854] INFO org.github.dragos.vscode.ensime.EnsimeActor - Starting problematic actor now
[2018-08-24 21:28:12,857] INFO org.github.dragos.vscode.ensime.EnsimeActor - Created: Actor[akka://ENSIME/user/server/ensimeProject#-1599368251]
[2018-08-24 21:28:12,857] INFO org.github.dragos.vscode.ensime.EnsimeActor - Created: Actor[akka://ENSIME/user/server/ensimeProject#-1599368251]
[2018-08-24 21:28:12,870] DEBUG org.github.dragos.vscode.ensime.EnsimeProjectServer - Forwarding ConnectionInfoReq
[2018-08-24 21:28:12,870] DEBUG org.github.dragos.vscode.ensime.EnsimeProjectServer - Forwarding ConnectionInfoReq
[2018-08-24 21:28:12,884] INFO org.apache.commons.vfs2.impl.StandardFileSystemManager - Using "/var/folders/3l/93qwfk7n54xb7bqms9pp827r0000gn/T/vfs_cache" as temporary files store.
[2018-08-24 21:28:12,953] DEBUG langserver.core.MessageWriter - Content-Length: 441



{"jsonrpc":"2.0","result":{"capabilities":{"textDocumentSync":1,"hoverProvider":true,"completionProvider":{"resolveProvider":false,"triggerCharacters":["."]},"definitionProvider":true,"referencesProvider":false,"documentHighlightProvider":false,"documentSymbolProvider":true,"workspaceSymbolProvider":false,"codeActionProvider":false,"documentFormattingProvider":false,"documentRangeFormattingProvider":false,"renameProvider":false}},"id":0}
[2018-08-24 21:28:12,953] DEBUG langserver.core.MessageWriter - Content-Length: 441



{"jsonrpc":"2.0","result":{"capabilities":{"textDocumentSync":1,"hoverProvider":true,"completionProvider":{"resolveProvider":false,"triggerCharacters":["."]},"definitionProvider":true,"referencesProvider":false,"documentHighlightProvider":false,"documentSymbolProvider":true,"workspaceSymbolProvider":false,"codeActionProvider":false,"documentFormattingProvider":false,"documentRangeFormattingProvider":false,"renameProvider":false}},"id":0}
[2018-08-24 21:28:12,953] DEBUG langserver.core.MessageWriter - payload: {"jsonrpc":"2.0","result":{"capabilities":{"textDocumentSync":1,"hoverProvider":true,"completionProvider":{"resolveProvider":false,"triggerCharacters":["."]},"definitionProvider":true,"referencesProvider":false,"documentHighlightProvider":false,"documentSymbolProvider":true,"workspaceSymbolProvider":false,"codeActionProvider":false,"documentFormattingProvider":false,"documentRangeFormattingProvider":false,"renameProvider":false}},"id":0}
[2018-08-24 21:28:12,953] DEBUG langserver.core.MessageWriter - payload: {"jsonrpc":"2.0","result":{"capabilities":{"textDocumentSync":1,"hoverProvider":true,"completionProvider":{"resolveProvider":false,"triggerCharacters":["."]},"definitionProvider":true,"referencesProvider":false,"documentHighlightProvider":false,"documentSymbolProvider":true,"workspaceSymbolProvider":false,"codeActionProvider":false,"documentFormattingProvider":false,"documentRangeFormattingProvider":false,"renameProvider":false}},"id":0}
[2018-08-24 21:28:12,956] DEBUG langserver.core.MessageReader - Received headers:
Content-Length: 52
[2018-08-24 21:28:12,956] DEBUG langserver.core.MessageReader - Received headers:
Content-Length: 52
[2018-08-24 21:28:12,956] DEBUG langserver.core.Connection - Received {"jsonrpc":"2.0","method":"initialized","params":{}}
[2018-08-24 21:28:12,956] DEBUG langserver.core.Connection - Received {"jsonrpc":"2.0","method":"initialized","params":{}}
[2018-08-24 21:28:13,012] ERROR org.github.dragos.vscode.EnsimeLanguageServer - Unknown notification Initialized()
[2018-08-24 21:28:13,012] ERROR org.github.dragos.vscode.EnsimeLanguageServer - Unknown notification Initialized()
[2018-08-24 21:28:14,402] INFO akka.actor.DeadLetterActorRef - Message [org.ensime.api.ConnectionInfo] from Actor[akka://ENSIME/user/server/ensimeProject/project#474169897] to Actor[akka://ENSIME/deadLetters] was not delivered. [1] dead letters encountered. This logging can be turned off or adjusted with configuration settings 'akka.log-dead-letters' and 'akka.log-dead-letters-during-shutdown'.
[2018-08-24 21:28:14,417] INFO org.github.dragos.vscode.ensime.EnsimeProjectServer - Full typecheck complete event
[2018-08-24 21:28:14,417] INFO org.github.dragos.vscode.ensime.EnsimeProjectServer - Full typecheck complete event
[2018-08-24 21:28:14,419] INFO org.github.dragos.vscode.EnsimeLanguageServer - Received 0 notes.
[2018-08-24 21:28:14,419] INFO org.github.dragos.vscode.EnsimeLanguageServer - Received 0 notes.
[2018-08-24 21:28:14,424] INFO org.github.dragos.vscode.ensime.EnsimeProjectServer - Analyzer is ready!
[2018-08-24 21:28:14,424] INFO org.github.dragos.vscode.ensime.EnsimeProjectServer - Analyzer is ready!
[2018-08-24 21:28:16,140] DEBUG org.github.dragos.vscode.ensime.EnsimeProjectServer - Forwarding IndexerReadyEvent
[2018-08-24 21:28:16,140] DEBUG org.github.dragos.vscode.ensime.EnsimeProjectServer - Forwarding IndexerReadyEvent
[2018-08-24 21:28:16,294] DEBUG langserver.core.MessageReader - Received headers:
Content-Length: 58
[2018-08-24 21:28:16,294] DEBUG langserver.core.MessageReader - Received headers:
Content-Length: 58
[2018-08-24 21:28:16,295] DEBUG langserver.core.Connection - Received {"jsonrpc":"2.0","id":1,"method":"shutdown","params":null}
[2018-08-24 21:28:16,295] DEBUG langserver.core.Connection - Received {"jsonrpc":"2.0","id":1,"method":"shutdown","params":null}
[2018-08-24 21:28:16,311] DEBUG langserver.core.MessageWriter - Content-Length: 198



{"jsonrpc":"2.0","error":{"code":-32602,"message":"Invalid params","data":{"meaning":"Invalid method parameter(s).","error":{"obj":[{"msg":["command parameters must be given"],"args":[]}]}}},"id":1}
[2018-08-24 21:28:16,311] DEBUG langserver.core.MessageWriter - Content-Length: 198



{"jsonrpc":"2.0","error":{"code":-32602,"message":"Invalid params","data":{"meaning":"Invalid method parameter(s).","error":{"obj":[{"msg":["command parameters must be given"],"args":[]}]}}},"id":1}
[2018-08-24 21:28:16,312] DEBUG langserver.core.MessageWriter - payload: {"jsonrpc":"2.0","error":{"code":-32602,"message":"Invalid params","data":{"meaning":"Invalid method parameter(s).","error":{"obj":[{"msg":["command parameters must be given"],"args":[]}]}}},"id":1}
[2018-08-24 21:28:16,312] DEBUG langserver.core.MessageWriter - payload: {"jsonrpc":"2.0","error":{"code":-32602,"message":"Invalid params","data":{"meaning":"Invalid method parameter(s).","error":{"obj":[{"msg":["command parameters must be given"],"args":[]}]}}},"id":1}
[2018-08-24 21:28:16,970] DEBUG org.github.dragos.vscode.ensime.EnsimeProjectServer - Forwarding SendBackgroundMessageEvent(Initializing Analyzer. Please wait...,105)
[2018-08-24 21:28:16,970] DEBUG org.github.dragos.vscode.ensime.EnsimeProjectServer - Forwarding SendBackgroundMessageEvent(Initializing Analyzer. Please wait...,105)
[2018-08-24 21:28:17,318] INFO langserver.core.MessageReader - End of stream, terminating thread
[2018-08-24 21:28:17,318] INFO langserver.core.MessageReader - End of stream, terminating thread
[2018-08-24 21:28:17,318] INFO org.github.dragos.vscode.EnsimeLanguageServer - Shutdown request
[2018-08-24 21:28:17,318] INFO org.github.dragos.vscode.EnsimeLanguageServer - Shutdown request
[2018-08-24 21:28:17,319] INFO org.github.dragos.vscode.EnsimeLanguageServer - Shutting down actor system.
[2018-08-24 21:28:17,319] INFO org.github.dragos.vscode.EnsimeLanguageServer - Shutting down actor system.
[2018-08-24 21:28:17,399] INFO org.github.dragos.vscode.ensime.EnsimeProjectServer - Shutting down.
[2018-08-24 21:28:17,399] INFO org.github.dragos.vscode.ensime.EnsimeProjectServer - Shutting down.
[2018-08-24 21:28:17,421] INFO org.github.dragos.vscode.EnsimeLanguageServer - Actor system down.
[2018-08-24 21:28:17,421] INFO org.github.dragos.vscode.EnsimeLanguageServer - Actor system down.
